#
# A fatal error has been detected by the Java Runtime Environment:
#
#  SIGSEGV (0xb) at pc=0x000073b715358f9f, pid=267227, tid=267254
#
# JRE version: OpenJDK Runtime Environment (11.0.30+7) (build 11.0.30+7-post-Ubuntu-1ubuntu124.04)
# Java VM: OpenJDK 64-Bit Server VM (11.0.30+7-post-Ubuntu-1ubuntu124.04, mixed mode, sharing, tiered, compressed oops, g1 gc, linux-amd64)
# Problematic frame:
# C  [libgallium-25.2.8-0ubuntu0.24.04.1.so+0x558f9f]
#
# Core dump will be written. Default location: Core dumps may be processed with "/usr/share/apport/apport -p%p -s%s -c%c -d%d -P%P -u%u -g%g -F%F -- %E" (or dumping to /home/kadu/Projects/youTube/chonGame/core.267227)
#
# If you would like to submit a bug report, please visit:
#   https://bugs.launchpad.net/ubuntu/+source/openjdk-lts
# The crash happened outside the Java Virtual Machine in native code.
# See problematic frame for where to report the bug.
#

---------------  S U M M A R Y ------------

Command Line: -agentlib:jdwp=transport=dt_socket,server=n,suspend=y,address=localhost:32977 --module-path=/home/kadu/Projects/youTube/chonGame/game/target/classes:/home/kadu/.m2/repository/org/openjfx/javafx-controls/16/javafx-controls-16-linux.jar:/home/kadu/.m2/repository/org/openjfx/javafx-graphics/16/javafx-graphics-16-linux.jar:/home/kadu/.m2/repository/org/openjfx/javafx-base/16/javafx-base-16-linux.jar -Djdk.module.main=chon.group chon.group/chon.group.Engine

Host: 11th Gen Intel(R) Core(TM) i7-1165G7 @ 2.80GHz, 